<?xml version="1.0" encoding="UTF-8"?>
<!-- Generated by org.testng.reporters.JUnitXMLReporter -->
<testsuite ignored="0" hostname="DESKTOP-6HJ2LCU" failures="0" tests="8" name="Default test" time="141.064" errors="0" timestamp="2024-06-22T00:04:55 IST">
  <testcase classname="testPackage.TestClass" name="loginValidation" time="26.11"/>
  <testcase classname="testPackage.TestClass" name="signUpValidation" time="2.828"/>
  <testcase classname="testPackage.TestClass" name="homeValidation" time="7.551"/>
  <testcase classname="testPackage.TestClass" name="mergeTwoPdf" time="16.347"/>
  <testcase classname="testPackage.TestClass" name="pdfToWordCheck" time="14.86"/>
  <testcase classname="testPackage.TestClass" name="imageToPdfCheck" time="16.577"/>
  <testcase classname="testPackage.TestClass" name="imageResizeCheck" time="15.407"/>
  <testcase classname="testPackage.TestClass" name="homePageResponse" time="30.399"/>
</testsuite> <!-- Default test -->
