<?xml version="1.0" encoding="UTF-8"?>
<testng-results ignored="0" total="8" passed="8" failed="0" skipped="0">
  <reporter-output>
  </reporter-output>
  <suite started-at="2024-06-22T00:02:34 IST" name="Default suite" finished-at="2024-06-22T00:04:55 IST" duration-ms="141064">
    <groups>
    </groups>
    <test started-at="2024-06-22T00:02:34 IST" name="Default test" finished-at="2024-06-22T00:04:55 IST" duration-ms="141064">
      <class name="testPackage.TestClass">
        <test-method is-config="true" signature="driverLaunch()[pri:0, instance:testPackage.TestClass@6025e1b6]" started-at="2024-06-22T00:02:34 IST" name="driverLaunch" finished-at="2024-06-22T00:02:40 IST" duration-ms="6082" status="PASS">
          <reporter-output>
          </reporter-output>
        </test-method> <!-- driverLaunch -->
        <test-method is-config="true" signature="url()[pri:0, instance:testPackage.TestClass@6025e1b6]" started-at="2024-06-22T00:02:40 IST" name="url" finished-at="2024-06-22T00:02:42 IST" duration-ms="1132" status="PASS">
          <reporter-output>
          </reporter-output>
        </test-method> <!-- url -->
        <test-method signature="loginValidation()[pri:1, instance:testPackage.TestClass@6025e1b6]" started-at="2024-06-22T00:02:42 IST" name="loginValidation" finished-at="2024-06-22T00:03:08 IST" duration-ms="26110" status="PASS">
          <reporter-output>
          </reporter-output>
        </test-method> <!-- loginValidation -->
        <test-method is-config="true" signature="afterTest()[pri:0, instance:testPackage.TestClass@6025e1b6]" started-at="2024-06-22T00:03:08 IST" name="afterTest" finished-at="2024-06-22T00:03:08 IST" duration-ms="8" status="PASS">
          <reporter-output>
          </reporter-output>
        </test-method> <!-- afterTest -->
        <test-method is-config="true" signature="url()[pri:0, instance:testPackage.TestClass@6025e1b6]" started-at="2024-06-22T00:03:08 IST" name="url" finished-at="2024-06-22T00:03:08 IST" duration-ms="292" status="PASS">
          <reporter-output>
          </reporter-output>
        </test-method> <!-- url -->
        <test-method signature="signUpValidation()[pri:2, instance:testPackage.TestClass@6025e1b6]" started-at="2024-06-22T00:03:08 IST" name="signUpValidation" finished-at="2024-06-22T00:03:11 IST" duration-ms="2828" status="PASS">
          <reporter-output>
          </reporter-output>
        </test-method> <!-- signUpValidation -->
        <test-method is-config="true" signature="afterTest()[pri:0, instance:testPackage.TestClass@6025e1b6]" started-at="2024-06-22T00:03:11 IST" name="afterTest" finished-at="2024-06-22T00:03:11 IST" duration-ms="1" status="PASS">
          <reporter-output>
          </reporter-output>
        </test-method> <!-- afterTest -->
        <test-method is-config="true" signature="url()[pri:0, instance:testPackage.TestClass@6025e1b6]" started-at="2024-06-22T00:03:11 IST" name="url" finished-at="2024-06-22T00:03:11 IST" duration-ms="263" status="PASS">
          <reporter-output>
          </reporter-output>
        </test-method> <!-- url -->
        <test-method signature="homeValidation()[pri:3, instance:testPackage.TestClass@6025e1b6]" started-at="2024-06-22T00:03:11 IST" name="homeValidation" finished-at="2024-06-22T00:03:19 IST" duration-ms="7551" status="PASS">
          <reporter-output>
          </reporter-output>
        </test-method> <!-- homeValidation -->
        <test-method is-config="true" signature="afterTest()[pri:0, instance:testPackage.TestClass@6025e1b6]" started-at="2024-06-22T00:03:19 IST" name="afterTest" finished-at="2024-06-22T00:03:19 IST" duration-ms="0" status="PASS">
          <reporter-output>
          </reporter-output>
        </test-method> <!-- afterTest -->
        <test-method is-config="true" signature="url()[pri:0, instance:testPackage.TestClass@6025e1b6]" started-at="2024-06-22T00:03:19 IST" name="url" finished-at="2024-06-22T00:03:19 IST" duration-ms="218" status="PASS">
          <reporter-output>
          </reporter-output>
        </test-method> <!-- url -->
        <test-method signature="mergeTwoPdf()[pri:4, instance:testPackage.TestClass@6025e1b6]" started-at="2024-06-22T00:03:19 IST" name="mergeTwoPdf" finished-at="2024-06-22T00:03:35 IST" duration-ms="16347" status="PASS">
          <reporter-output>
          </reporter-output>
        </test-method> <!-- mergeTwoPdf -->
        <test-method is-config="true" signature="afterTest()[pri:0, instance:testPackage.TestClass@6025e1b6]" started-at="2024-06-22T00:03:35 IST" name="afterTest" finished-at="2024-06-22T00:03:35 IST" duration-ms="1" status="PASS">
          <reporter-output>
          </reporter-output>
        </test-method> <!-- afterTest -->
        <test-method is-config="true" signature="url()[pri:0, instance:testPackage.TestClass@6025e1b6]" started-at="2024-06-22T00:03:35 IST" name="url" finished-at="2024-06-22T00:03:36 IST" duration-ms="432" status="PASS">
          <reporter-output>
          </reporter-output>
        </test-method> <!-- url -->
        <test-method signature="pdfToWordCheck()[pri:5, instance:testPackage.TestClass@6025e1b6]" started-at="2024-06-22T00:03:36 IST" name="pdfToWordCheck" finished-at="2024-06-22T00:03:51 IST" duration-ms="14860" status="PASS">
          <reporter-output>
          </reporter-output>
        </test-method> <!-- pdfToWordCheck -->
        <test-method is-config="true" signature="afterTest()[pri:0, instance:testPackage.TestClass@6025e1b6]" started-at="2024-06-22T00:03:51 IST" name="afterTest" finished-at="2024-06-22T00:03:51 IST" duration-ms="1" status="PASS">
          <reporter-output>
          </reporter-output>
        </test-method> <!-- afterTest -->
        <test-method is-config="true" signature="url()[pri:0, instance:testPackage.TestClass@6025e1b6]" started-at="2024-06-22T00:03:51 IST" name="url" finished-at="2024-06-22T00:03:51 IST" duration-ms="833" status="PASS">
          <reporter-output>
          </reporter-output>
        </test-method> <!-- url -->
        <test-method signature="imageToPdfCheck()[pri:6, instance:testPackage.TestClass@6025e1b6]" started-at="2024-06-22T00:03:51 IST" name="imageToPdfCheck" finished-at="2024-06-22T00:04:08 IST" duration-ms="16577" status="PASS">
          <reporter-output>
          </reporter-output>
        </test-method> <!-- imageToPdfCheck -->
        <test-method is-config="true" signature="afterTest()[pri:0, instance:testPackage.TestClass@6025e1b6]" started-at="2024-06-22T00:04:08 IST" name="afterTest" finished-at="2024-06-22T00:04:08 IST" duration-ms="0" status="PASS">
          <reporter-output>
          </reporter-output>
        </test-method> <!-- afterTest -->
        <test-method is-config="true" signature="url()[pri:0, instance:testPackage.TestClass@6025e1b6]" started-at="2024-06-22T00:04:08 IST" name="url" finished-at="2024-06-22T00:04:09 IST" duration-ms="700" status="PASS">
          <reporter-output>
          </reporter-output>
        </test-method> <!-- url -->
        <test-method signature="imageResizeCheck()[pri:7, instance:testPackage.TestClass@6025e1b6]" started-at="2024-06-22T00:04:09 IST" name="imageResizeCheck" finished-at="2024-06-22T00:04:24 IST" duration-ms="15407" status="PASS">
          <reporter-output>
          </reporter-output>
        </test-method> <!-- imageResizeCheck -->
        <test-method is-config="true" signature="afterTest()[pri:0, instance:testPackage.TestClass@6025e1b6]" started-at="2024-06-22T00:04:24 IST" name="afterTest" finished-at="2024-06-22T00:04:24 IST" duration-ms="1" status="PASS">
          <reporter-output>
          </reporter-output>
        </test-method> <!-- afterTest -->
        <test-method is-config="true" signature="url()[pri:0, instance:testPackage.TestClass@6025e1b6]" started-at="2024-06-22T00:04:24 IST" name="url" finished-at="2024-06-22T00:04:25 IST" duration-ms="649" status="PASS">
          <reporter-output>
          </reporter-output>
        </test-method> <!-- url -->
        <test-method signature="homePageResponse()[pri:8, instance:testPackage.TestClass@6025e1b6]" started-at="2024-06-22T00:04:25 IST" name="homePageResponse" finished-at="2024-06-22T00:04:55 IST" duration-ms="30399" status="PASS">
          <reporter-output>
          </reporter-output>
        </test-method> <!-- homePageResponse -->
        <test-method is-config="true" signature="afterTest()[pri:0, instance:testPackage.TestClass@6025e1b6]" started-at="2024-06-22T00:04:55 IST" name="afterTest" finished-at="2024-06-22T00:04:55 IST" duration-ms="0" status="PASS">
          <reporter-output>
          </reporter-output>
        </test-method> <!-- afterTest -->
        <test-method is-config="true" signature="closeWindow()[pri:0, instance:testPackage.TestClass@6025e1b6]" started-at="2024-06-22T00:04:55 IST" name="closeWindow" finished-at="2024-06-22T00:04:55 IST" duration-ms="268" status="PASS">
          <reporter-output>
          </reporter-output>
        </test-method> <!-- closeWindow -->
      </class> <!-- testPackage.TestClass -->
    </test> <!-- Default test -->
  </suite> <!-- Default suite -->
</testng-results>
